2020-01-30 11:35:13.144  INFO 14328 --- [  restartedMain] ConfigServletWebServerApplicationContext : Refreshing org.springframework.boot.web.servlet.context.AnnotationConfigServletWebServerApplicationContext@2a39b9d8: startup date [Thu Jan 30 11:35:13 KST 2020]; root of context hierarchy
2020-01-30 11:35:14.168  WARN 14328 --- [  restartedMain] o.m.s.mapper.ClassPathMapperScanner      : No MyBatis mapper was found in '[com.ssafy.edu]' package. Please check your configuration.
2020-01-30 11:35:14.560  INFO 14328 --- [  restartedMain] f.a.AutowiredAnnotationBeanPostProcessor : JSR-330 'javax.inject.Inject' annotation found and supported for autowiring
2020-01-30 11:35:14.662  INFO 14328 --- [  restartedMain] trationDelegate$BeanPostProcessorChecker : Bean 'org.springframework.transaction.annotation.ProxyTransactionManagementConfiguration' of type [org.springframework.transaction.annotation.ProxyTransactionManagementConfiguration$$EnhancerBySpringCGLIB$$a5d44442] is not eligible for getting processed by all BeanPostProcessors (for example: not eligible for auto-proxying)
2020-01-30 11:35:14.708  INFO 14328 --- [  restartedMain] trationDelegate$BeanPostProcessorChecker : Bean 'org.springframework.hateoas.config.HateoasConfiguration' of type [org.springframework.hateoas.config.HateoasConfiguration$$EnhancerBySpringCGLIB$$25549174] is not eligible for getting processed by all BeanPostProcessors (for example: not eligible for auto-proxying)
2020-01-30 11:35:15.524  INFO 14328 --- [  restartedMain] o.s.b.w.embedded.tomcat.TomcatWebServer  : Tomcat initialized with port(s): 8197 (http)
2020-01-30 11:35:15.784  INFO 14328 --- [ost-startStop-1] o.s.web.context.ContextLoader            : Root WebApplicationContext: initialization completed in 2640 ms
2020-01-30 11:35:15.903  INFO 14328 --- [ost-startStop-1] o.s.b.w.servlet.FilterRegistrationBean   : Mapping filter: 'characterEncodingFilter' to: [/*]
2020-01-30 11:35:15.904  INFO 14328 --- [ost-startStop-1] o.s.b.w.servlet.FilterRegistrationBean   : Mapping filter: 'hiddenHttpMethodFilter' to: [/*]
2020-01-30 11:35:15.904  INFO 14328 --- [ost-startStop-1] o.s.b.w.servlet.FilterRegistrationBean   : Mapping filter: 'httpPutFormContentFilter' to: [/*]
2020-01-30 11:35:15.904  INFO 14328 --- [ost-startStop-1] o.s.b.w.servlet.FilterRegistrationBean   : Mapping filter: 'requestContextFilter' to: [/*]
2020-01-30 11:35:15.904  INFO 14328 --- [ost-startStop-1] .s.DelegatingFilterProxyRegistrationBean : Mapping filter: 'springSecurityFilterChain' to: [/*]
2020-01-30 11:35:15.905  INFO 14328 --- [ost-startStop-1] o.s.b.w.servlet.FilterRegistrationBean   : Mapping filter: 'simpleCORSFilter' to: [/*]
2020-01-30 11:35:15.905  INFO 14328 --- [ost-startStop-1] o.s.b.w.servlet.ServletRegistrationBean  : Servlet dispatcherServlet mapped to [/]
2020-01-30 11:35:16.567  INFO 14328 --- [  restartedMain] j.LocalContainerEntityManagerFactoryBean : Building JPA container EntityManagerFactory for persistence unit 'default'
2020-01-30 11:35:17.537  INFO 14328 --- [  restartedMain] j.LocalContainerEntityManagerFactoryBean : Initialized JPA EntityManagerFactory for persistence unit 'default'
2020-01-30 11:35:18.399  WARN 14328 --- [  restartedMain] aWebConfiguration$JpaWebMvcConfiguration : spring.jpa.open-in-view is enabled by default. Therefore, database queries may be performed during view rendering. Explicitly configure spring.jpa.open-in-view to disable this warning
2020-01-30 11:35:19.333  INFO 14328 --- [  restartedMain] s.w.s.m.m.a.RequestMappingHandlerMapping : Mapped "{[/api/product],methods=[GET]}" onto public org.springframework.http.ResponseEntity<java.util.List<com.ssafy.edu.model.Product>> com.ssafy.edu.controller.ProductController.getProductList() throws java.lang.Exception
2020-01-30 11:35:19.335  INFO 14328 --- [  restartedMain] s.w.s.m.m.a.RequestMappingHandlerMapping : Mapped "{[/api/product/{keyword}],methods=[GET]}" onto public org.springframework.http.ResponseEntity<java.util.List<com.ssafy.edu.model.Product>> com.ssafy.edu.controller.ProductController.searchProduct(java.lang.String) throws java.lang.Exception
2020-01-30 11:35:19.335  INFO 14328 --- [  restartedMain] s.w.s.m.m.a.RequestMappingHandlerMapping : Mapped "{[/api/product_ctg/{category}/{keyword}],methods=[GET]}" onto public org.springframework.http.ResponseEntity<java.util.List<com.ssafy.edu.model.Product>> com.ssafy.edu.controller.ProductController.getProductCategoryKeword(java.lang.String,java.lang.String) throws java.lang.Exception
2020-01-30 11:35:19.336  INFO 14328 --- [  restartedMain] s.w.s.m.m.a.RequestMappingHandlerMapping : Mapped "{[/api/product_ctg/{category}],methods=[GET]}" onto public org.springframework.http.ResponseEntity<java.util.List<com.ssafy.edu.model.Product>> com.ssafy.edu.controller.ProductController.getProductCategory(java.lang.String) throws java.lang.Exception
2020-01-30 11:35:19.340  INFO 14328 --- [  restartedMain] s.w.s.m.m.a.RequestMappingHandlerMapping : Mapped "{[/],methods=[GET]}" onto public java.lang.String com.ssafy.edu.controller.UserController.index()
2020-01-30 11:35:19.340  INFO 14328 --- [  restartedMain] s.w.s.m.m.a.RequestMappingHandlerMapping : Mapped "{[/user/signup],methods=[POST]}" onto public java.lang.String com.ssafy.edu.controller.UserController.execSignup(com.ssafy.edu.model.UserDto)
2020-01-30 11:35:19.341  INFO 14328 --- [  restartedMain] s.w.s.m.m.a.RequestMappingHandlerMapping : Mapped "{[/user/login],methods=[GET]}" onto public java.lang.String com.ssafy.edu.controller.UserController.dispLogin()
2020-01-30 11:35:19.341  INFO 14328 --- [  restartedMain] s.w.s.m.m.a.RequestMappingHandlerMapping : Mapped "{[/user/login/result],methods=[GET]}" onto public java.lang.String com.ssafy.edu.controller.UserController.dispLoginResult()
2020-01-30 11:35:19.341  INFO 14328 --- [  restartedMain] s.w.s.m.m.a.RequestMappingHandlerMapping : Mapped "{[/user/logout/result],methods=[GET]}" onto public java.lang.String com.ssafy.edu.controller.UserController.dispLogout()
2020-01-30 11:35:19.341  INFO 14328 --- [  restartedMain] s.w.s.m.m.a.RequestMappingHandlerMapping : Mapped "{[/user/signup],methods=[GET]}" onto public java.lang.String com.ssafy.edu.controller.UserController.dispSignup()
2020-01-30 11:35:19.341  INFO 14328 --- [  restartedMain] s.w.s.m.m.a.RequestMappingHandlerMapping : Mapped "{[/user/info],methods=[GET]}" onto public java.lang.String com.ssafy.edu.controller.UserController.dispMyInfo()
2020-01-30 11:35:19.341  INFO 14328 --- [  restartedMain] s.w.s.m.m.a.RequestMappingHandlerMapping : Mapped "{[/user/denied],methods=[GET]}" onto public java.lang.String com.ssafy.edu.controller.UserController.dispDenied()
2020-01-30 11:35:19.342  INFO 14328 --- [  restartedMain] s.w.s.m.m.a.RequestMappingHandlerMapping : Mapped "{[/admin],methods=[GET]}" onto public java.lang.String com.ssafy.edu.controller.UserController.dispAdmin()
2020-01-30 11:35:19.343  INFO 14328 --- [  restartedMain] s.w.s.m.m.a.RequestMappingHandlerMapping : Mapped "{[/v2/api-docs],methods=[GET],produces=[application/json || application/hal+json]}" onto public org.springframework.http.ResponseEntity<springfox.documentation.spring.web.json.Json> springfox.documentation.swagger2.web.Swagger2Controller.getDocumentation(java.lang.String,javax.servlet.http.HttpServletRequest)
2020-01-30 11:35:19.344  INFO 14328 --- [  restartedMain] s.w.s.m.m.a.RequestMappingHandlerMapping : Mapped "{[/configuration/ui]}" onto org.springframework.http.ResponseEntity<springfox.documentation.swagger.web.UiConfiguration> springfox.documentation.swagger.web.ApiResourceController.uiConfiguration()
2020-01-30 11:35:19.345  INFO 14328 --- [  restartedMain] s.w.s.m.m.a.RequestMappingHandlerMapping : Mapped "{[/swagger-resources]}" onto org.springframework.http.ResponseEntity<java.util.List<springfox.documentation.swagger.web.SwaggerResource>> springfox.documentation.swagger.web.ApiResourceController.swaggerResources()
2020-01-30 11:35:19.346  INFO 14328 --- [  restartedMain] s.w.s.m.m.a.RequestMappingHandlerMapping : Mapped "{[/configuration/security]}" onto org.springframework.http.ResponseEntity<springfox.documentation.swagger.web.SecurityConfiguration> springfox.documentation.swagger.web.ApiResourceController.securityConfiguration()
2020-01-30 11:35:19.349  INFO 14328 --- [  restartedMain] s.w.s.m.m.a.RequestMappingHandlerMapping : Mapped "{[/error]}" onto public org.springframework.http.ResponseEntity<java.util.Map<java.lang.String, java.lang.Object>> org.springframework.boot.autoconfigure.web.servlet.error.BasicErrorController.error(javax.servlet.http.HttpServletRequest)
2020-01-30 11:35:19.349  INFO 14328 --- [  restartedMain] s.w.s.m.m.a.RequestMappingHandlerMapping : Mapped "{[/error],produces=[text/html]}" onto public org.springframework.web.servlet.ModelAndView org.springframework.boot.autoconfigure.web.servlet.error.BasicErrorController.errorHtml(javax.servlet.http.HttpServletRequest,javax.servlet.http.HttpServletResponse)
2020-01-30 11:35:19.568  WARN 14328 --- [  restartedMain] ConfigServletWebServerApplicationContext : Exception encountered during context initialization - cancelling refresh attempt: org.springframework.beans.factory.BeanCreationException: Error creating bean with name 'springSecurityFilterChain' defined in class path resource [org/springframework/security/config/annotation/web/configuration/WebSecurityConfiguration.class]: Bean instantiation via factory method failed; nested exception is org.springframework.beans.BeanInstantiationException: Failed to instantiate [javax.servlet.Filter]: Factory method 'springSecurityFilterChain' threw exception; nested exception is java.lang.RuntimeException: Could not postProcess org.springframework.security.authentication.dao.DaoAuthenticationProvider@5effbb3a of type class org.springframework.security.authentication.dao.DaoAuthenticationProvider
2020-01-30 11:35:19.571  INFO 14328 --- [  restartedMain] j.LocalContainerEntityManagerFactoryBean : Closing JPA EntityManagerFactory for persistence unit 'default'
2020-01-30 11:35:19.591  INFO 14328 --- [  restartedMain] ConditionEvaluationReportLoggingListener : 

Error starting ApplicationContext. To display the conditions report re-run your application with 'debug' enabled.
2020-01-30 11:35:19.594 ERROR 14328 --- [  restartedMain] o.s.boot.SpringApplication               : Application run failed

org.springframework.beans.factory.BeanCreationException: Error creating bean with name 'springSecurityFilterChain' defined in class path resource [org/springframework/security/config/annotation/web/configuration/WebSecurityConfiguration.class]: Bean instantiation via factory method failed; nested exception is org.springframework.beans.BeanInstantiationException: Failed to instantiate [javax.servlet.Filter]: Factory method 'springSecurityFilterChain' threw exception; nested exception is java.lang.RuntimeException: Could not postProcess org.springframework.security.authentication.dao.DaoAuthenticationProvider@5effbb3a of type class org.springframework.security.authentication.dao.DaoAuthenticationProvider
	at org.springframework.beans.factory.support.ConstructorResolver.instantiateUsingFactoryMethod(ConstructorResolver.java:590)
	at org.springframework.beans.factory.support.AbstractAutowireCapableBeanFactory.instantiateUsingFactoryMethod(AbstractAutowireCapableBeanFactory.java:1247)
	at org.springframework.beans.factory.support.AbstractAutowireCapableBeanFactory.createBeanInstance(AbstractAutowireCapableBeanFactory.java:1096)
	at org.springframework.beans.factory.support.AbstractAutowireCapableBeanFactory.doCreateBean(AbstractAutowireCapableBeanFactory.java:535)
	at org.springframework.beans.factory.support.AbstractAutowireCapableBeanFactory.createBean(AbstractAutowireCapableBeanFactory.java:495)
	at org.springframework.beans.factory.support.AbstractBeanFactory.lambda$doGetBean$0(AbstractBeanFactory.java:317)
	at org.springframework.beans.factory.support.DefaultSingletonBeanRegistry.getSingleton(DefaultSingletonBeanRegistry.java:222)
	at org.springframework.beans.factory.support.AbstractBeanFactory.doGetBean(AbstractBeanFactory.java:315)
	at org.springframework.beans.factory.support.AbstractBeanFactory.getBean(AbstractBeanFactory.java:199)
	at org.springframework.beans.factory.support.AbstractBeanFactory.doGetBean(AbstractBeanFactory.java:304)
	at org.springframework.beans.factory.support.AbstractBeanFactory.getBean(AbstractBeanFactory.java:199)
	at org.springframework.beans.factory.support.DefaultListableBeanFactory.preInstantiateSingletons(DefaultListableBeanFactory.java:759)
	at org.springframework.context.support.AbstractApplicationContext.finishBeanFactoryInitialization(AbstractApplicationContext.java:869)
	at org.springframework.context.support.AbstractApplicationContext.refresh(AbstractApplicationContext.java:550)
	at org.springframework.boot.web.servlet.context.ServletWebServerApplicationContext.refresh(ServletWebServerApplicationContext.java:140)
	at org.springframework.boot.SpringApplication.refresh(SpringApplication.java:780)
	at org.springframework.boot.SpringApplication.refreshContext(SpringApplication.java:412)
	at org.springframework.boot.SpringApplication.run(SpringApplication.java:333)
	at org.springframework.boot.SpringApplication.run(SpringApplication.java:1277)
	at org.springframework.boot.SpringApplication.run(SpringApplication.java:1265)
	at com.ssafy.edu.SSAFYApplication.main(SSAFYApplication.java:11)
	at sun.reflect.NativeMethodAccessorImpl.invoke0(Native Method)
	at sun.reflect.NativeMethodAccessorImpl.invoke(NativeMethodAccessorImpl.java:62)
	at sun.reflect.DelegatingMethodAccessorImpl.invoke(DelegatingMethodAccessorImpl.java:43)
	at java.lang.reflect.Method.invoke(Method.java:498)
	at org.springframework.boot.devtools.restart.RestartLauncher.run(RestartLauncher.java:49)
Caused by: org.springframework.beans.BeanInstantiationException: Failed to instantiate [javax.servlet.Filter]: Factory method 'springSecurityFilterChain' threw exception; nested exception is java.lang.RuntimeException: Could not postProcess org.springframework.security.authentication.dao.DaoAuthenticationProvider@5effbb3a of type class org.springframework.security.authentication.dao.DaoAuthenticationProvider
	at org.springframework.beans.factory.support.SimpleInstantiationStrategy.instantiate(SimpleInstantiationStrategy.java:185)
	at org.springframework.beans.factory.support.ConstructorResolver.instantiateUsingFactoryMethod(ConstructorResolver.java:582)
	... 25 common frames omitted
Caused by: java.lang.RuntimeException: Could not postProcess org.springframework.security.authentication.dao.DaoAuthenticationProvider@5effbb3a of type class org.springframework.security.authentication.dao.DaoAuthenticationProvider
	at org.springframework.security.config.annotation.configuration.AutowireBeanFactoryObjectPostProcessor.postProcess(AutowireBeanFactoryObjectPostProcessor.java:72)
	at org.springframework.security.config.annotation.SecurityConfigurerAdapter$CompositeObjectPostProcessor.postProcess(SecurityConfigurerAdapter.java:123)
	at org.springframework.security.config.annotation.SecurityConfigurerAdapter.postProcess(SecurityConfigurerAdapter.java:82)
	at org.springframework.security.config.annotation.authentication.configurers.userdetails.AbstractDaoAuthenticationConfigurer.configure(AbstractDaoAuthenticationConfigurer.java:87)
	at org.springframework.security.config.annotation.authentication.configurers.userdetails.DaoAuthenticationConfigurer.configure(DaoAuthenticationConfigurer.java:32)
	at org.springframework.security.config.annotation.authentication.configurers.userdetails.AbstractDaoAuthenticationConfigurer.configure(AbstractDaoAuthenticationConfigurer.java:37)
	at org.springframework.security.config.annotation.AbstractConfiguredSecurityBuilder.configure(AbstractConfiguredSecurityBuilder.java:384)
	at org.springframework.security.config.annotation.AbstractConfiguredSecurityBuilder.doBuild(AbstractConfiguredSecurityBuilder.java:330)
	at org.springframework.security.config.annotation.AbstractSecurityBuilder.build(AbstractSecurityBuilder.java:41)
	at org.springframework.security.config.annotation.web.configuration.WebSecurityConfigurerAdapter.authenticationManager(WebSecurityConfigurerAdapter.java:272)
	at org.springframework.security.config.annotation.web.configuration.WebSecurityConfigurerAdapter.getHttp(WebSecurityConfigurerAdapter.java:201)
	at org.springframework.security.config.annotation.web.configuration.WebSecurityConfigurerAdapter.init(WebSecurityConfigurerAdapter.java:322)
	at org.springframework.security.config.annotation.web.configuration.WebSecurityConfigurerAdapter.init(WebSecurityConfigurerAdapter.java:92)
	at com.ssafy.edu.security.SecurityConfig$$EnhancerBySpringCGLIB$$f4c17c38.init(<generated>)
	at org.springframework.security.config.annotation.AbstractConfiguredSecurityBuilder.init(AbstractConfiguredSecurityBuilder.java:371)
	at org.springframework.security.config.annotation.AbstractConfiguredSecurityBuilder.doBuild(AbstractConfiguredSecurityBuilder.java:325)
	at org.springframework.security.config.annotation.AbstractSecurityBuilder.build(AbstractSecurityBuilder.java:41)
	at org.springframework.security.config.annotation.web.configuration.WebSecurityConfiguration.springSecurityFilterChain(WebSecurityConfiguration.java:104)
	at org.springframework.security.config.annotation.web.configuration.WebSecurityConfiguration$$EnhancerBySpringCGLIB$$4d057135.CGLIB$springSecurityFilterChain$3(<generated>)
	at org.springframework.security.config.annotation.web.configuration.WebSecurityConfiguration$$EnhancerBySpringCGLIB$$4d057135$$FastClassBySpringCGLIB$$e741451c.invoke(<generated>)
	at org.springframework.cglib.proxy.MethodProxy.invokeSuper(MethodProxy.java:228)
	at org.springframework.context.annotation.ConfigurationClassEnhancer$BeanMethodInterceptor.intercept(ConfigurationClassEnhancer.java:365)
	at org.springframework.security.config.annotation.web.configuration.WebSecurityConfiguration$$EnhancerBySpringCGLIB$$4d057135.springSecurityFilterChain(<generated>)
	at sun.reflect.NativeMethodAccessorImpl.invoke0(Native Method)
	at sun.reflect.NativeMethodAccessorImpl.invoke(NativeMethodAccessorImpl.java:62)
	at sun.reflect.DelegatingMethodAccessorImpl.invoke(DelegatingMethodAccessorImpl.java:43)
	at java.lang.reflect.Method.invoke(Method.java:498)
	at org.springframework.beans.factory.support.SimpleInstantiationStrategy.instantiate(SimpleInstantiationStrategy.java:154)
	... 26 common frames omitted
Caused by: org.springframework.beans.factory.BeanCreationException: Error creating bean with name 'org.springframework.security.authentication.dao.DaoAuthenticationProvider@5effbb3a': Invocation of init method failed; nested exception is java.lang.IllegalArgumentException: A UserDetailsService must be set
	at org.springframework.beans.factory.support.AbstractAutowireCapableBeanFactory.initializeBean(AbstractAutowireCapableBeanFactory.java:1699)
	at org.springframework.beans.factory.support.AbstractAutowireCapableBeanFactory.initializeBean(AbstractAutowireCapableBeanFactory.java:407)
	at org.springframework.security.config.annotation.configuration.AutowireBeanFactoryObjectPostProcessor.postProcess(AutowireBeanFactoryObjectPostProcessor.java:67)
	... 53 common frames omitted
Caused by: java.lang.IllegalArgumentException: A UserDetailsService must be set
	at org.springframework.util.Assert.notNull(Assert.java:193)
	at org.springframework.security.authentication.dao.DaoAuthenticationProvider.doAfterPropertiesSet(DaoAuthenticationProvider.java:100)
	at org.springframework.security.authentication.dao.AbstractUserDetailsAuthenticationProvider.afterPropertiesSet(AbstractUserDetailsAuthenticationProvider.java:123)
	at org.springframework.beans.factory.support.AbstractAutowireCapableBeanFactory.invokeInitMethods(AbstractAutowireCapableBeanFactory.java:1758)
	at org.springframework.beans.factory.support.AbstractAutowireCapableBeanFactory.initializeBean(AbstractAutowireCapableBeanFactory.java:1695)
	... 55 common frames omitted

